<?xml version="1.0" encoding="UTF-8"?>
<testsuite name="com.example.UserServiceTest" tests="1" skipped="0" failures="0" errors="0" timestamp="2025-04-15T17:13:52.662Z" hostname="ASHRUTS-PC" time="0.02">
  <properties/>
  <testcase name="testGreetUser()" classname="com.example.UserServiceTest" time="0.02"/>
  <system-out><![CDATA[]]></system-out>
  <system-err><![CDATA[]]></system-err>
</testsuite>
